2024-04-08 00:07:29 INFO jm.task.core.jdbc.dao.UserDaoJDBCImpl saveUser Finished;
2024-04-08 00:07:29 INFO jm.task.core.jdbc.dao.UserDaoJDBCImpl getAllUsers Finished;
2024-04-08 00:07:29 INFO jm.task.core.jdbc.util.Util getConnection Finished;
2024-04-08 00:07:29 INFO jm.task.core.jdbc.dao.UserDaoJDBCImpl <init> Create UserDaoJDBCImpl is finished;
2024-04-08 00:07:29 FINE jm.task.core.jdbc.dao.UserDaoJDBCImpl executeSql DROP TABLE IF EXISTS `user_schema`.`users`;Finished;
2024-04-08 00:07:29 INFO jm.task.core.jdbc.dao.UserDaoJDBCImpl dropUsersTable Finished;
2024-04-08 00:07:29 FINE jm.task.core.jdbc.dao.UserDaoJDBCImpl executeSql DROP TABLE IF EXISTS `user_schema`.`users`;Finished;
2024-04-08 00:07:29 INFO jm.task.core.jdbc.dao.UserDaoJDBCImpl dropUsersTable Finished;
2024-04-08 00:07:29 INFO jm.task.core.jdbc.util.Util getConnection Finished;
2024-04-08 00:07:29 INFO jm.task.core.jdbc.dao.UserDaoJDBCImpl <init> Create UserDaoJDBCImpl is finished;
2024-04-08 00:07:29 FINE jm.task.core.jdbc.dao.UserDaoJDBCImpl executeSql DROP TABLE IF EXISTS `user_schema`.`users`;Finished;
2024-04-08 00:07:29 INFO jm.task.core.jdbc.dao.UserDaoJDBCImpl dropUsersTable Finished;
2024-04-08 00:07:29 INFO jm.task.core.jdbc.util.Util getConnection Finished;
2024-04-08 00:07:29 INFO jm.task.core.jdbc.dao.UserDaoJDBCImpl <init> Create UserDaoJDBCImpl is finished;
2024-04-08 00:07:29 FINE jm.task.core.jdbc.dao.UserDaoJDBCImpl executeSql DROP TABLE IF EXISTS `user_schema`.`users`;Finished;
2024-04-08 00:07:29 INFO jm.task.core.jdbc.dao.UserDaoJDBCImpl dropUsersTable Finished;
2024-04-08 00:07:29 INFO jm.task.core.jdbc.dao.UserDaoJDBCImpl saveUser An attempt to save the User to a non-existent table. Creating a table for the User;
2024-04-08 00:07:29 FINE jm.task.core.jdbc.dao.UserDaoJDBCImpl executeSql CREATE SCHEMA IF NOT EXISTS `user_schema` DEFAULT CHARACTER SET utf8 COLLATE utf8_unicode_ci ;Finished;
2024-04-08 00:07:29 FINE jm.task.core.jdbc.dao.UserDaoJDBCImpl executeSql USE `user_schema`;Finished;
2024-04-08 00:07:29 FINE jm.task.core.jdbc.dao.UserDaoJDBCImpl executeSql CREATE TABLE IF NOT EXISTS `user_schema`.`users` (
  `ID` BIGINT NOT NULL AUTO_INCREMENT,
  `NAME` VARCHAR(45) NULL,
  `LAST_NAME` VARCHAR(45) NULL,
  `AGE` TINYINT NULL,
  PRIMARY KEY (`ID`));Finished;
2024-04-08 00:07:29 INFO jm.task.core.jdbc.dao.UserDaoJDBCImpl createUsersTable Finished;
2024-04-08 00:07:29 INFO jm.task.core.jdbc.dao.UserDaoJDBCImpl saveUser Finished;
2024-04-08 00:07:29 FINE jm.task.core.jdbc.dao.UserDaoJDBCImpl executeSql TRUNCATE `user_schema`.`users`;Finished;
2024-04-08 00:07:29 INFO jm.task.core.jdbc.dao.UserDaoJDBCImpl cleanUsersTable Finished;
2024-04-08 00:07:29 INFO jm.task.core.jdbc.dao.UserDaoJDBCImpl getAllUsers Finished;
