2024-04-08 00:10:31 FINE jm.task.core.jdbc.util.Util <clinit> test LOGGER, Level.FINE
2024-04-08 00:10:31 INFO jm.task.core.jdbc.util.Util <clinit> test LOGGER, Level.INFO
2024-04-08 00:10:31 SEVERE jm.task.core.jdbc.util.Util <clinit> test LOGGER, Level.SEVERE
2024-04-08 00:10:31 CONFIG jm.task.core.jdbc.util.Util getConnection driver: com.mysql.cj.jdbc.Driver
2024-04-08 00:10:31 CONFIG jm.task.core.jdbc.util.Util getConnection url: jdbc:mysql://localhost:3306?serverTimezone=Europe/Moscow&useSSL=false
2024-04-08 00:10:31 CONFIG jm.task.core.jdbc.util.Util getConnection username: user
2024-04-08 00:10:31 CONFIG jm.task.core.jdbc.util.Util getConnection password: 1234
2024-04-08 00:10:31 FINE jm.task.core.jdbc.util.Util getConnection Connection is created!
2024-04-08 00:10:31 INFO jm.task.core.jdbc.util.Util getConnection Finished;
2024-04-08 00:10:31 INFO jm.task.core.jdbc.dao.UserDaoJDBCImpl <init> Create UserDaoJDBCImpl is finished;
2024-04-08 00:10:31 INFO jm.task.core.jdbc.dao.UserDaoJDBCImpl dropUsersTable Finished;
2024-04-08 00:10:31 INFO jm.task.core.jdbc.dao.UserDaoJDBCImpl saveUser An attempt to save the User to a non-existent table. Creating a table for the User;
2024-04-08 00:10:31 INFO jm.task.core.jdbc.dao.UserDaoJDBCImpl createUsersTable Finished;
2024-04-08 00:10:31 INFO jm.task.core.jdbc.dao.UserDaoJDBCImpl saveUser Finished;
2024-04-08 00:10:31 INFO jm.task.core.jdbc.dao.UserDaoJDBCImpl getAllUsers Finished;
2024-04-08 00:10:31 INFO jm.task.core.jdbc.util.Util getConnection Finished;
2024-04-08 00:10:31 INFO jm.task.core.jdbc.dao.UserDaoJDBCImpl <init> Create UserDaoJDBCImpl is finished;
2024-04-08 00:10:31 INFO jm.task.core.jdbc.dao.UserDaoJDBCImpl dropUsersTable Finished;
2024-04-08 00:10:31 INFO jm.task.core.jdbc.dao.UserDaoJDBCImpl saveUser An attempt to save the User to a non-existent table. Creating a table for the User;
2024-04-08 00:10:31 INFO jm.task.core.jdbc.dao.UserDaoJDBCImpl createUsersTable Finished;
2024-04-08 00:10:31 INFO jm.task.core.jdbc.dao.UserDaoJDBCImpl saveUser Finished;
2024-04-08 00:10:31 INFO jm.task.core.jdbc.dao.UserDaoJDBCImpl removeUserById Finished;
2024-04-08 00:10:31 INFO jm.task.core.jdbc.util.Util getConnection Finished;
2024-04-08 00:10:31 INFO jm.task.core.jdbc.dao.UserDaoJDBCImpl <init> Create UserDaoJDBCImpl is finished;
2024-04-08 00:10:31 INFO jm.task.core.jdbc.dao.UserDaoJDBCImpl dropUsersTable Finished;
2024-04-08 00:10:31 INFO jm.task.core.jdbc.dao.UserDaoJDBCImpl saveUser An attempt to save the User to a non-existent table. Creating a table for the User;
2024-04-08 00:10:32 INFO jm.task.core.jdbc.dao.UserDaoJDBCImpl createUsersTable Finished;
2024-04-08 00:10:32 INFO jm.task.core.jdbc.dao.UserDaoJDBCImpl saveUser Finished;
2024-04-08 00:10:32 INFO jm.task.core.jdbc.dao.UserDaoJDBCImpl getAllUsers Finished;
2024-04-08 00:10:32 INFO jm.task.core.jdbc.util.Util getConnection Finished;
2024-04-08 00:10:32 INFO jm.task.core.jdbc.dao.UserDaoJDBCImpl <init> Create UserDaoJDBCImpl is finished;
2024-04-08 00:10:32 INFO jm.task.core.jdbc.dao.UserDaoJDBCImpl dropUsersTable Finished;
2024-04-08 00:10:32 INFO jm.task.core.jdbc.dao.UserDaoJDBCImpl dropUsersTable Finished;
2024-04-08 00:10:32 INFO jm.task.core.jdbc.util.Util getConnection Finished;
2024-04-08 00:10:32 INFO jm.task.core.jdbc.dao.UserDaoJDBCImpl <init> Create UserDaoJDBCImpl is finished;
2024-04-08 00:10:32 INFO jm.task.core.jdbc.dao.UserDaoJDBCImpl dropUsersTable Finished;
2024-04-08 00:10:32 INFO jm.task.core.jdbc.util.Util getConnection Finished;
2024-04-08 00:10:32 INFO jm.task.core.jdbc.dao.UserDaoJDBCImpl <init> Create UserDaoJDBCImpl is finished;
2024-04-08 00:10:32 INFO jm.task.core.jdbc.dao.UserDaoJDBCImpl dropUsersTable Finished;
2024-04-08 00:10:32 INFO jm.task.core.jdbc.dao.UserDaoJDBCImpl saveUser An attempt to save the User to a non-existent table. Creating a table for the User;
2024-04-08 00:10:32 INFO jm.task.core.jdbc.dao.UserDaoJDBCImpl createUsersTable Finished;
2024-04-08 00:10:32 INFO jm.task.core.jdbc.dao.UserDaoJDBCImpl saveUser Finished;
2024-04-08 00:10:32 INFO jm.task.core.jdbc.dao.UserDaoJDBCImpl cleanUsersTable Finished;
2024-04-08 00:10:32 INFO jm.task.core.jdbc.dao.UserDaoJDBCImpl getAllUsers Finished;
